#-----------------------------------------------------------
# Vivado v2019.2 (64-bit)
# SW Build 2708876 on Wed Nov  6 21:40:23 MST 2019
# IP Build 2700528 on Thu Nov  7 00:09:20 MST 2019
# Start of session at: Tue Nov 21 17:48:59 2023
# Process ID: 6600
# Current directory: C:/Users/lhm/Desktop/体系结构复现/RANC/experiments/EEG/vivado/EEG
# Command line: vivado.exe -gui_launcher_event rodinguilauncherevent3300 C:\Users\lhm\Desktop\体系结构复现\RANC\experiments\EEG\vivado\EEG\EEG.xpr
# Log file: C:/Users/lhm/Desktop/体系结构复现/RANC/experiments/EEG/vivado/EEG/vivado.log
# Journal file: C:/Users/lhm/Desktop/体系结构复现/RANC/experiments/EEG/vivado/EEG\vivado.jou
#-----------------------------------------------------------
start_gui
open_project C:/Users/lhm/Desktop/体系结构复现/RANC/experiments/EEG/vivado/EEG/EEG.xpr
INFO: [Project 1-313] Project file moved from 'E:/EEG' since last save.
Scanning sources...
Finished scanning sources
INFO: [IP_Flow 19-234] Refreshing IP repositories
INFO: [IP_Flow 19-1704] No user IP repositories specified
INFO: [IP_Flow 19-2313] Loaded Vivado IP repository 'E:/Vivado/2019.2/data/ip'.
open_project: Time (s): cpu = 00:00:22 ; elapsed = 00:00:09 . Memory (MB): peak = 969.711 ; gain = 240.309
exit
INFO: [Common 17-206] Exiting Vivado at Tue Nov 21 17:49:37 2023...
