
****** Vivado(TM) HLS - High-Level Synthesis from C, C++ and SystemC v2019.2 (64-bit)
  **** SW Build 2708876 on Wed Nov  6 21:40:23 MST 2019
  **** IP Build 2700528 on Thu Nov  7 00:09:20 MST 2019
    ** Copyright 1986-2019 Xilinx, Inc. All Rights Reserved.

source E:/Vivado/2019.2/scripts/vivado_hls/hls.tcl -notrace
INFO: [HLS 200-10] Running 'E:/Vivado/2019.2/bin/unwrapped/win64.o/vivado_hls.exe'
INFO: [HLS 200-10] For user 'lhm' on host 'desktop-kkru1vc' (Windows NT_amd64 version 6.2) on Mon Jan 08 20:53:42 +0800 2024
INFO: [HLS 200-10] In directory 'C:/Users/lhm/Desktop/system_structure/RANC/hardware/Projects/Streaming/src/blockdesign/streaming/ip/streaming_RANCNetwork_0_1'
Sourcing Tcl script 'C:UserslhmDesktopsystem_structureRANChardwareProjectsStreamingsrclockdesignstreamingipstreaming_RANCNetwork_0_1streaming_RANCNetwork_0_1.dcp'
C:UserslhmDesktopsystem_structureRANChardwareProjectsStreamingsrclockdesignstreamingipstreaming_RANCNetwork_0_1streaming_RANCNetwork_0_1.dcp can't be opened.
couldn't read file "C:UserslhmDesktopsystem_structureRANChardwareProjectsStreamingsrclockdesignstreamingipstreaming_RANCNetwork_0_1streaming_RANCNetwork_0_1.dcp": no such file or directory
    while executing
"source C:UserslhmDesktopsystem_structureRANChardwareProjectsStreamingsrclockdesignstreamingipstreaming_RANCNetwork_0_1streaming_RANCNetwork_0_1.dcp"
    invoked from within
"hls::main C:\Users\lhm\Desktop\system_structure\RANC\hardware\Projects\Streaming\src\blockdesign\streaming\ip\streaming_RANCNetwork_0_1\streaming_RANC..."
    ("uplevel" body line 1)
    invoked from within
"uplevel 1 hls::main {*}$args"
    (procedure "hls_proc" line 5)
    invoked from within
"hls_proc $argv"
INFO: [Common 17-206] Exiting vivado_hls at Mon Jan  8 20:53:43 2024...
